Flow report for BCD_binario
Mon Jun 24 13:57:31 2024
Quartus II 64-Bit Version 13.0.1 Build 232 06/12/2013 Service Pack 1 SJ Web Edition


---------------------
; Table of Contents ;
---------------------
  1. Legal Notice
  2. Flow Summary
  3. Flow Settings
  4. Flow Non-Default Global Settings
  5. Flow Elapsed Time
  6. Flow OS Summary
  7. Flow Log
  8. Flow Messages
  9. Flow Suppressed Messages



----------------
; Legal Notice ;
----------------
Copyright (C) 1991-2013 Altera Corporation
Your use of Altera Corporation's design tools, logic functions 
and other software and tools, and its AMPP partner logic 
functions, and any output files from any of the foregoing 
(including device programming or simulation files), and any 
associated documentation or information are expressly subject 
to the terms and conditions of the Altera Program License 
Subscription Agreement, Altera MegaCore Function License 
Agreement, or other applicable license agreement, including, 
without limitation, that your use is for the sole purpose of 
programming logic devices manufactured by Altera and sold by 
Altera or its authorized distributors.  Please refer to the 
applicable agreement for further details.



+--------------------------------------------------------------------------------------+
; Flow Summary                                                                         ;
+------------------------------------+-------------------------------------------------+
; Flow Status                        ; Successful - Mon Jun 24 13:57:30 2024           ;
; Quartus II 64-Bit Version          ; 13.0.1 Build 232 06/12/2013 SP 1 SJ Web Edition ;
; Revision Name                      ; BCD_binario                                     ;
; Top-level Entity Name              ; Block1                                          ;
; Family                             ; Cyclone II                                      ;
; Device                             ; EP2C35F672C6                                    ;
; Timing Models                      ; Final                                           ;
; Total logic elements               ; 85 / 33,216 ( < 1 % )                           ;
;     Total combinational functions  ; 84 / 33,216 ( < 1 % )                           ;
;     Dedicated logic registers      ; 39 / 33,216 ( < 1 % )                           ;
; Total registers                    ; 39                                              ;
; Total pins                         ; 48 / 475 ( 10 % )                               ;
; Total virtual pins                 ; 0                                               ;
; Total memory bits                  ; 0 / 483,840 ( 0 % )                             ;
; Embedded Multiplier 9-bit elements ; 0 / 70 ( 0 % )                                  ;
; Total PLLs                         ; 0 / 4 ( 0 % )                                   ;
+------------------------------------+-------------------------------------------------+


+-----------------------------------------+
; Flow Settings                           ;
+-------------------+---------------------+
; Option            ; Setting             ;
+-------------------+---------------------+
; Start date & time ; 06/24/2024 13:57:19 ;
; Main task         ; Compilation         ;
; Revision Name     ; BCD_binario         ;
+-------------------+---------------------+


+-----------------------------------------------------------------------------------------------------------------------------------------+
; Flow Non-Default Global Settings                                                                                                        ;
+-------------------------------------+---------------------------------+---------------+-------------+-----------------------------------+
; Assignment Name                     ; Value                           ; Default Value ; Entity Name ; Section Id                        ;
+-------------------------------------+---------------------------------+---------------+-------------+-----------------------------------+
; COMPILER_SIGNATURE_ID               ; 127846692526277.171924823902460 ; --            ; --          ; --                                ;
; EDA_GENERATE_FUNCTIONAL_NETLIST     ; Off                             ; --            ; --          ; eda_board_design_timing           ;
; EDA_GENERATE_FUNCTIONAL_NETLIST     ; Off                             ; --            ; --          ; eda_board_design_symbol           ;
; EDA_GENERATE_FUNCTIONAL_NETLIST     ; Off                             ; --            ; --          ; eda_board_design_signal_integrity ;
; EDA_GENERATE_FUNCTIONAL_NETLIST     ; Off                             ; --            ; --          ; eda_board_design_boundary_scan    ;
; MAX_CORE_JUNCTION_TEMP              ; 85                              ; --            ; --          ; --                                ;
; MIN_CORE_JUNCTION_TEMP              ; 0                               ; --            ; --          ; --                                ;
; PARTITION_COLOR                     ; 16764057                        ; --            ; Block1      ; Top                               ;
; PARTITION_FITTER_PRESERVATION_LEVEL ; PLACEMENT_AND_ROUTING           ; --            ; Block1      ; Top                               ;
; PARTITION_NETLIST_TYPE              ; SOURCE                          ; --            ; Block1      ; Top                               ;
; PROJECT_OUTPUT_DIRECTORY            ; output_files                    ; --            ; --          ; --                                ;
; TOP_LEVEL_ENTITY                    ; Block1                          ; BCD_binario   ; --          ; --                                ;
; VHDL_INPUT_VERSION                  ; VHDL_2008                       ; VHDL_1993     ; --          ; --                                ;
; VHDL_SHOW_LMF_MAPPING_MESSAGES      ; Off                             ; --            ; --          ; --                                ;
+-------------------------------------+---------------------------------+---------------+-------------+-----------------------------------+


+-------------------------------------------------------------------------------------------------------------------------------+
; Flow Elapsed Time                                                                                                             ;
+---------------------------+--------------+-------------------------+---------------------+------------------------------------+
; Module Name               ; Elapsed Time ; Average Processors Used ; Peak Virtual Memory ; Total CPU Time (on all processors) ;
+---------------------------+--------------+-------------------------+---------------------+------------------------------------+
; Analysis & Synthesis      ; 00:00:02     ; 1.0                     ; 484 MB              ; 00:00:02                           ;
; Fitter                    ; 00:00:06     ; 1.0                     ; 659 MB              ; 00:00:06                           ;
; Assembler                 ; 00:00:02     ; 1.0                     ; 417 MB              ; 00:00:02                           ;
; TimeQuest Timing Analyzer ; 00:00:00     ; 1.0                     ; 399 MB              ; 00:00:01                           ;
; Total                     ; 00:00:10     ; --                      ; --                  ; 00:00:11                           ;
+---------------------------+--------------+-------------------------+---------------------+------------------------------------+


+----------------------------------------------------------------------------------------+
; Flow OS Summary                                                                        ;
+---------------------------+------------------+-----------+------------+----------------+
; Module Name               ; Machine Hostname ; OS Name   ; OS Version ; Processor type ;
+---------------------------+------------------+-----------+------------+----------------+
; Analysis & Synthesis      ; CP9              ; Windows 7 ; 6.1        ; x86_64         ;
; Fitter                    ; CP9              ; Windows 7 ; 6.1        ; x86_64         ;
; Assembler                 ; CP9              ; Windows 7 ; 6.1        ; x86_64         ;
; TimeQuest Timing Analyzer ; CP9              ; Windows 7 ; 6.1        ; x86_64         ;
+---------------------------+------------------+-----------+------------+----------------+


------------
; Flow Log ;
------------
quartus_map --read_settings_files=on --write_settings_files=off BCD_binario -c BCD_binario
quartus_fit --read_settings_files=off --write_settings_files=off BCD_binario -c BCD_binario
quartus_asm --read_settings_files=off --write_settings_files=off BCD_binario -c BCD_binario
quartus_sta BCD_binario -c BCD_binario



