Assembler report for Proyect_3_FSM
Thu Jun 27 20:06:57 2024
Quartus Prime Version 23.1std.0 Build 991 11/28/2023 SC Lite Edition


---------------------
; Table of Contents ;
---------------------
  1. Legal Notice
  2. Assembler Summary
  3. Assembler Settings
  4. Assembler Generated Files
  5. Assembler Device Options: C:/Users/Gaspar/Documents/GitHub/optativa_FPGA/FUNCIONAN/Proyect_3_FSM/output_files/Proyect_3_FSM.sof
  6. Assembler Device Options: C:/Users/Gaspar/Documents/GitHub/optativa_FPGA/FUNCIONAN/Proyect_3_FSM/output_files/Proyect_3_FSM.pof
  7. Assembler Messages



----------------
; Legal Notice ;
----------------
Copyright (C) 2023  Intel Corporation. All rights reserved.
Your use of Intel Corporation's design tools, logic functions 
and other software and tools, and any partner logic 
functions, and any output files from any of the foregoing 
(including device programming or simulation files), and any 
associated documentation or information are expressly subject 
to the terms and conditions of the Intel Program License 
Subscription Agreement, the Intel Quartus Prime License Agreement,
the Intel FPGA IP License Agreement, or other applicable license
agreement, including, without limitation, that your use is for
the sole purpose of programming logic devices manufactured by
Intel and sold by Intel or its authorized distributors.  Please
refer to the applicable agreement for further details, at
https://fpgasoftware.intel.com/eula.



+---------------------------------------------------------------+
; Assembler Summary                                             ;
+-----------------------+---------------------------------------+
; Assembler Status      ; Successful - Thu Jun 27 20:06:57 2024 ;
; Revision Name         ; Proyect_3_FSM                         ;
; Top-level Entity Name ; Block1                                ;
; Family                ; Cyclone IV E                          ;
; Device                ; EP4CE115F29C7                         ;
+-----------------------+---------------------------------------+


+----------------------------------+
; Assembler Settings               ;
+--------+---------+---------------+
; Option ; Setting ; Default Value ;
+--------+---------+---------------+


+-------------------------------------------------------------------------------------------------------+
; Assembler Generated Files                                                                             ;
+-------------------------------------------------------------------------------------------------------+
; File Name                                                                                             ;
+-------------------------------------------------------------------------------------------------------+
; C:/Users/Gaspar/Documents/GitHub/optativa_FPGA/FUNCIONAN/Proyect_3_FSM/output_files/Proyect_3_FSM.sof ;
; C:/Users/Gaspar/Documents/GitHub/optativa_FPGA/FUNCIONAN/Proyect_3_FSM/output_files/Proyect_3_FSM.pof ;
+-------------------------------------------------------------------------------------------------------+


+---------------------------------------------------------------------------------------------------------------------------------+
; Assembler Device Options: C:/Users/Gaspar/Documents/GitHub/optativa_FPGA/FUNCIONAN/Proyect_3_FSM/output_files/Proyect_3_FSM.sof ;
+----------------+----------------------------------------------------------------------------------------------------------------+
; Option         ; Setting                                                                                                        ;
+----------------+----------------------------------------------------------------------------------------------------------------+
; JTAG usercode  ; 0x00570453                                                                                                     ;
; Checksum       ; 0x00570453                                                                                                     ;
+----------------+----------------------------------------------------------------------------------------------------------------+


+---------------------------------------------------------------------------------------------------------------------------------+
; Assembler Device Options: C:/Users/Gaspar/Documents/GitHub/optativa_FPGA/FUNCIONAN/Proyect_3_FSM/output_files/Proyect_3_FSM.pof ;
+--------------------+------------------------------------------------------------------------------------------------------------+
; Option             ; Setting                                                                                                    ;
+--------------------+------------------------------------------------------------------------------------------------------------+
; JTAG usercode      ; 0x00000000                                                                                                 ;
; Checksum           ; 0x712CA200                                                                                                 ;
; Compression Ratio  ; 3                                                                                                          ;
+--------------------+------------------------------------------------------------------------------------------------------------+


+--------------------+
; Assembler Messages ;
+--------------------+
Info: *******************************************************************
Info: Running Quartus Prime Assembler
    Info: Version 23.1std.0 Build 991 11/28/2023 SC Lite Edition
    Info: Processing started: Thu Jun 27 20:06:54 2024
Info: Command: quartus_asm --read_settings_files=off --write_settings_files=off Proyect_3_FSM -c Proyect_3_FSM
Warning (18236): Number of processors has not been specified which may cause overloading on shared machines.  Set the global assignment NUM_PARALLEL_PROCESSORS in your QSF to an appropriate value for best performance.
Info (115031): Writing out detailed assembly data for power analysis
Info (115030): Assembler is generating device programming files
Info: Quartus Prime Assembler was successful. 0 errors, 1 warning
    Info: Peak virtual memory: 4702 megabytes
    Info: Processing ended: Thu Jun 27 20:06:57 2024
    Info: Elapsed time: 00:00:03
    Info: Total CPU time (on all processors): 00:00:03


