Analysis & Synthesis report for proyect2
Fri May 24 14:16:22 2024
Quartus II 64-Bit Version 13.0.1 Build 232 06/12/2013 Service Pack 1 SJ Web Edition


---------------------
; Table of Contents ;
---------------------
  1. Legal Notice
  2. Analysis & Synthesis Summary
  3. Analysis & Synthesis Settings
  4. Parallel Compilation
  5. Analysis & Synthesis Source Files Read
  6. Analysis & Synthesis Resource Usage Summary
  7. Analysis & Synthesis Resource Utilization by Entity
  8. State Machine - |Block1|elimina_rebote:inst3|state
  9. User-Specified and Inferred Latches
 10. General Register Statistics
 11. Inverted Register Statistics
 12. Elapsed Time Per Partition
 13. Analysis & Synthesis Messages



----------------
; Legal Notice ;
----------------
Copyright (C) 1991-2013 Altera Corporation
Your use of Altera Corporation's design tools, logic functions 
and other software and tools, and its AMPP partner logic 
functions, and any output files from any of the foregoing 
(including device programming or simulation files), and any 
associated documentation or information are expressly subject 
to the terms and conditions of the Altera Program License 
Subscription Agreement, Altera MegaCore Function License 
Agreement, or other applicable license agreement, including, 
without limitation, that your use is for the sole purpose of 
programming logic devices manufactured by Altera and sold by 
Altera or its authorized distributors.  Please refer to the 
applicable agreement for further details.



+--------------------------------------------------------------------------------------+
; Analysis & Synthesis Summary                                                         ;
+------------------------------------+-------------------------------------------------+
; Analysis & Synthesis Status        ; Successful - Fri May 24 14:16:22 2024           ;
; Quartus II 64-Bit Version          ; 13.0.1 Build 232 06/12/2013 SP 1 SJ Web Edition ;
; Revision Name                      ; proyect2                                        ;
; Top-level Entity Name              ; Block1                                          ;
; Family                             ; Cyclone II                                      ;
; Total logic elements               ; 128                                             ;
;     Total combinational functions  ; 128                                             ;
;     Dedicated logic registers      ; 55                                              ;
; Total registers                    ; 55                                              ;
; Total pins                         ; 18                                              ;
; Total virtual pins                 ; 0                                               ;
; Total memory bits                  ; 0                                               ;
; Embedded Multiplier 9-bit elements ; 0                                               ;
; Total PLLs                         ; 0                                               ;
+------------------------------------+-------------------------------------------------+


+----------------------------------------------------------------------------------------------------------------------+
; Analysis & Synthesis Settings                                                                                        ;
+----------------------------------------------------------------------------+--------------------+--------------------+
; Option                                                                     ; Setting            ; Default Value      ;
+----------------------------------------------------------------------------+--------------------+--------------------+
; Device                                                                     ; EP2C35F672C6       ;                    ;
; Top-level entity name                                                      ; Block1             ; proyect2           ;
; Family name                                                                ; Cyclone II         ; Cyclone IV GX      ;
; VHDL Show LMF Mapping Messages                                             ; Off                ;                    ;
; VHDL Version                                                               ; VHDL_2008          ; VHDL_1993          ;
; Use smart compilation                                                      ; Off                ; Off                ;
; Enable parallel Assembler and TimeQuest Timing Analyzer during compilation ; On                 ; On                 ;
; Enable compact report table                                                ; Off                ; Off                ;
; Restructure Multiplexers                                                   ; Auto               ; Auto               ;
; Create Debugging Nodes for IP Cores                                        ; Off                ; Off                ;
; Preserve fewer node names                                                  ; On                 ; On                 ;
; Disable OpenCore Plus hardware evaluation                                  ; Off                ; Off                ;
; Verilog Version                                                            ; Verilog_2001       ; Verilog_2001       ;
; State Machine Processing                                                   ; Auto               ; Auto               ;
; Safe State Machine                                                         ; Off                ; Off                ;
; Extract Verilog State Machines                                             ; On                 ; On                 ;
; Extract VHDL State Machines                                                ; On                 ; On                 ;
; Ignore Verilog initial constructs                                          ; Off                ; Off                ;
; Iteration limit for constant Verilog loops                                 ; 5000               ; 5000               ;
; Iteration limit for non-constant Verilog loops                             ; 250                ; 250                ;
; Add Pass-Through Logic to Inferred RAMs                                    ; On                 ; On                 ;
; Infer RAMs from Raw Logic                                                  ; On                 ; On                 ;
; Parallel Synthesis                                                         ; On                 ; On                 ;
; DSP Block Balancing                                                        ; Auto               ; Auto               ;
; NOT Gate Push-Back                                                         ; On                 ; On                 ;
; Power-Up Don't Care                                                        ; On                 ; On                 ;
; Remove Redundant Logic Cells                                               ; Off                ; Off                ;
; Remove Duplicate Registers                                                 ; On                 ; On                 ;
; Ignore CARRY Buffers                                                       ; Off                ; Off                ;
; Ignore CASCADE Buffers                                                     ; Off                ; Off                ;
; Ignore GLOBAL Buffers                                                      ; Off                ; Off                ;
; Ignore ROW GLOBAL Buffers                                                  ; Off                ; Off                ;
; Ignore LCELL Buffers                                                       ; Off                ; Off                ;
; Ignore SOFT Buffers                                                        ; On                 ; On                 ;
; Limit AHDL Integers to 32 Bits                                             ; Off                ; Off                ;
; Optimization Technique                                                     ; Balanced           ; Balanced           ;
; Carry Chain Length                                                         ; 70                 ; 70                 ;
; Auto Carry Chains                                                          ; On                 ; On                 ;
; Auto Open-Drain Pins                                                       ; On                 ; On                 ;
; Perform WYSIWYG Primitive Resynthesis                                      ; Off                ; Off                ;
; Auto ROM Replacement                                                       ; On                 ; On                 ;
; Auto RAM Replacement                                                       ; On                 ; On                 ;
; Auto Shift Register Replacement                                            ; Auto               ; Auto               ;
; Allow Shift Register Merging across Hierarchies                            ; Auto               ; Auto               ;
; Auto Clock Enable Replacement                                              ; On                 ; On                 ;
; Strict RAM Replacement                                                     ; Off                ; Off                ;
; Allow Synchronous Control Signals                                          ; On                 ; On                 ;
; Force Use of Synchronous Clear Signals                                     ; Off                ; Off                ;
; Auto RAM to Logic Cell Conversion                                          ; Off                ; Off                ;
; Auto Resource Sharing                                                      ; Off                ; Off                ;
; Allow Any RAM Size For Recognition                                         ; Off                ; Off                ;
; Allow Any ROM Size For Recognition                                         ; Off                ; Off                ;
; Allow Any Shift Register Size For Recognition                              ; Off                ; Off                ;
; Use LogicLock Constraints during Resource Balancing                        ; On                 ; On                 ;
; Ignore translate_off and synthesis_off directives                          ; Off                ; Off                ;
; Timing-Driven Synthesis                                                    ; Off                ; Off                ;
; Report Parameter Settings                                                  ; On                 ; On                 ;
; Report Source Assignments                                                  ; On                 ; On                 ;
; Report Connectivity Checks                                                 ; On                 ; On                 ;
; Ignore Maximum Fan-Out Assignments                                         ; Off                ; Off                ;
; Synchronization Register Chain Length                                      ; 2                  ; 2                  ;
; PowerPlay Power Optimization                                               ; Normal compilation ; Normal compilation ;
; HDL message level                                                          ; Level2             ; Level2             ;
; Suppress Register Optimization Related Messages                            ; Off                ; Off                ;
; Number of Removed Registers Reported in Synthesis Report                   ; 5000               ; 5000               ;
; Number of Swept Nodes Reported in Synthesis Report                         ; 5000               ; 5000               ;
; Number of Inverted Registers Reported in Synthesis Report                  ; 100                ; 100                ;
; Clock MUX Protection                                                       ; On                 ; On                 ;
; Auto Gated Clock Conversion                                                ; Off                ; Off                ;
; Block Design Naming                                                        ; Auto               ; Auto               ;
; SDC constraint protection                                                  ; Off                ; Off                ;
; Synthesis Effort                                                           ; Auto               ; Auto               ;
; Shift Register Replacement - Allow Asynchronous Clear Signal               ; On                 ; On                 ;
; Pre-Mapping Resynthesis Optimization                                       ; Off                ; Off                ;
; Analysis & Synthesis Message Level                                         ; Medium             ; Medium             ;
; Disable Register Merging Across Hierarchies                                ; Auto               ; Auto               ;
; Resource Aware Inference For Block RAM                                     ; On                 ; On                 ;
; Synthesis Seed                                                             ; 1                  ; 1                  ;
+----------------------------------------------------------------------------+--------------------+--------------------+


Parallel compilation was disabled, but you have multiple processors available. Enable parallel compilation to reduce compilation time.
+-------------------------------------+
; Parallel Compilation                ;
+----------------------------+--------+
; Processors                 ; Number ;
+----------------------------+--------+
; Number detected on machine ; 4      ;
; Maximum allowed            ; 1      ;
+----------------------------+--------+


+------------------------------------------------------------------------------------------------------------------------------------------------------------+
; Analysis & Synthesis Source Files Read                                                                                                                     ;
+----------------------------------+-----------------+------------------------------------+--------------------------------------------------------+---------+
; File Name with User-Entered Path ; Used in Netlist ; File Type                          ; File Name with Absolute Path                           ; Library ;
+----------------------------------+-----------------+------------------------------------+--------------------------------------------------------+---------+
; cont_4.vhd                       ; yes             ; User VHDL File                     ; C:/Users/User/Desktop/Proyect2_comp/cont_4.vhd         ;         ;
; deco_2_4.vhd                     ; yes             ; User VHDL File                     ; C:/Users/User/Desktop/Proyect2_comp/deco_2_4.vhd       ;         ;
; mult_4.vhd                       ; yes             ; User VHDL File                     ; C:/Users/User/Desktop/Proyect2_comp/mult_4.vhd         ;         ;
; elimina_rebote.vhd               ; yes             ; User VHDL File                     ; C:/Users/User/Desktop/Proyect2_comp/elimina_rebote.vhd ;         ;
; BCD.vhd                          ; yes             ; User VHDL File                     ; C:/Users/User/Desktop/Proyect2_comp/BCD.vhd            ;         ;
; Block1.bdf                       ; yes             ; User Block Diagram/Schematic File  ; C:/Users/User/Desktop/Proyect2_comp/Block1.bdf         ;         ;
+----------------------------------+-----------------+------------------------------------+--------------------------------------------------------+---------+


+-----------------------------------------------------+
; Analysis & Synthesis Resource Usage Summary         ;
+---------------------------------------------+-------+
; Resource                                    ; Usage ;
+---------------------------------------------+-------+
; Estimated Total logic elements              ; 128   ;
;                                             ;       ;
; Total combinational functions               ; 128   ;
; Logic element usage by number of LUT inputs ;       ;
;     -- 4 input functions                    ; 33    ;
;     -- 3 input functions                    ; 6     ;
;     -- <=2 input functions                  ; 89    ;
;                                             ;       ;
; Logic elements by mode                      ;       ;
;     -- normal mode                          ; 85    ;
;     -- arithmetic mode                      ; 43    ;
;                                             ;       ;
; Total registers                             ; 55    ;
;     -- Dedicated logic registers            ; 55    ;
;     -- I/O registers                        ; 0     ;
;                                             ;       ;
; I/O pins                                    ; 18    ;
; Embedded Multiplier 9-bit elements          ; 0     ;
; Maximum fan-out node                        ; CLK   ;
; Maximum fan-out                             ; 51    ;
; Total fan-out                               ; 479   ;
; Average fan-out                             ; 2.38  ;
+---------------------------------------------+-------+


+--------------------------------------------------------------------------------------------------------------------------------------------------------------------------------------+
; Analysis & Synthesis Resource Utilization by Entity                                                                                                                                  ;
+----------------------------+-------------------+--------------+-------------+--------------+---------+-----------+------+--------------+------------------------------+--------------+
; Compilation Hierarchy Node ; LC Combinationals ; LC Registers ; Memory Bits ; DSP Elements ; DSP 9x9 ; DSP 18x18 ; Pins ; Virtual Pins ; Full Hierarchy Name          ; Library Name ;
+----------------------------+-------------------+--------------+-------------+--------------+---------+-----------+------+--------------+------------------------------+--------------+
; |Block1                    ; 128 (0)           ; 55 (0)       ; 0           ; 0            ; 0       ; 0         ; 18   ; 0            ; |Block1                      ; work         ;
;    |BCD:inst|              ; 11 (11)           ; 0 (0)        ; 0           ; 0            ; 0       ; 0         ; 0    ; 0            ; |Block1|BCD:inst             ; work         ;
;    |cont_4:inst1|          ; 27 (27)           ; 18 (18)      ; 0           ; 0            ; 0       ; 0         ; 0    ; 0            ; |Block1|cont_4:inst1         ; work         ;
;    |deco_2_4:inst2|        ; 4 (4)             ; 0 (0)        ; 0           ; 0            ; 0       ; 0         ; 0    ; 0            ; |Block1|deco_2_4:inst2       ; work         ;
;    |elimina_rebote:inst3|  ; 84 (84)           ; 37 (37)      ; 0           ; 0            ; 0       ; 0         ; 0    ; 0            ; |Block1|elimina_rebote:inst3 ; work         ;
;    |mult_4:inst4|          ; 2 (2)             ; 0 (0)        ; 0           ; 0            ; 0       ; 0         ; 0    ; 0            ; |Block1|mult_4:inst4         ; work         ;
+----------------------------+-------------------+--------------+-------------+--------------+---------+-----------+------+--------------+------------------------------+--------------+
Note: For table entries with two numbers listed, the numbers in parentheses indicate the number of resources of the given type used by the specific entity alone. The numbers listed outside of parentheses indicate the total resources of the given type used by the specific entity and all of its sub-entities in the hierarchy.


Encoding Type:  One-Hot
+--------------------------------------------------------------------------+
; State Machine - |Block1|elimina_rebote:inst3|state                       ;
+----------------+-------------+-------------+----------------+------------+
; Name           ; state.valid ; state.verif ; state.debounce ; state.idle ;
+----------------+-------------+-------------+----------------+------------+
; state.idle     ; 0           ; 0           ; 0              ; 0          ;
; state.debounce ; 0           ; 0           ; 1              ; 1          ;
; state.verif    ; 0           ; 1           ; 0              ; 1          ;
; state.valid    ; 1           ; 0           ; 0              ; 1          ;
+----------------+-------------+-------------+----------------+------------+


+----------------------------------------------------------------------------------------------------------------+
; User-Specified and Inferred Latches                                                                            ;
+----------------------------------------------------+----------------------------------+------------------------+
; Latch Name                                         ; Latch Enable Signal              ; Free of Timing Hazards ;
+----------------------------------------------------+----------------------------------+------------------------+
; BCD:inst|num_int[0]                                ; elimina_rebote:inst3|state.valid ; yes                    ;
; BCD:inst|num_int[1]                                ; elimina_rebote:inst3|state.valid ; yes                    ;
; BCD:inst|num_int[2]                                ; elimina_rebote:inst3|state.valid ; yes                    ;
; BCD:inst|num_int[3]                                ; elimina_rebote:inst3|state.valid ; yes                    ;
; Number of user-specified and inferred latches = 4  ;                                  ;                        ;
+----------------------------------------------------+----------------------------------+------------------------+
Note: All latches listed above may not be present at the end of synthesis due to various synthesis optimizations.


+------------------------------------------------------+
; General Register Statistics                          ;
+----------------------------------------------+-------+
; Statistic                                    ; Value ;
+----------------------------------------------+-------+
; Total registers                              ; 55    ;
; Number of registers using Synchronous Clear  ; 0     ;
; Number of registers using Synchronous Load   ; 0     ;
; Number of registers using Asynchronous Clear ; 8     ;
; Number of registers using Asynchronous Load  ; 0     ;
; Number of registers using Clock Enable       ; 37    ;
; Number of registers using Preset             ; 0     ;
+----------------------------------------------+-------+


+---------------------------------------------------+
; Inverted Register Statistics                      ;
+-----------------------------------------+---------+
; Inverted Register                       ; Fan out ;
+-----------------------------------------+---------+
; elimina_rebote:inst3|cuenta_2[13]       ; 2       ;
; elimina_rebote:inst3|cuenta_2[10]       ; 2       ;
; elimina_rebote:inst3|cuenta_2[9]        ; 2       ;
; elimina_rebote:inst3|cuenta_2[8]        ; 2       ;
; elimina_rebote:inst3|cuenta_2[4]        ; 2       ;
; cont_4:inst1|\divisor:cuenta_i[12]      ; 1       ;
; cont_4:inst1|\divisor:cuenta_i[9]       ; 1       ;
; cont_4:inst1|\divisor:cuenta_i[8]       ; 1       ;
; cont_4:inst1|\divisor:cuenta_i[7]       ; 1       ;
; cont_4:inst1|\divisor:cuenta_i[3]       ; 1       ;
; elimina_rebote:inst3|cuenta[18]         ; 2       ;
; elimina_rebote:inst3|cuenta[17]         ; 2       ;
; elimina_rebote:inst3|cuenta[16]         ; 2       ;
; elimina_rebote:inst3|cuenta[15]         ; 2       ;
; elimina_rebote:inst3|cuenta[13]         ; 2       ;
; elimina_rebote:inst3|cuenta[8]          ; 2       ;
; elimina_rebote:inst3|cuenta[5]          ; 2       ;
; Total number of inverted registers = 17 ;         ;
+-----------------------------------------+---------+


+-------------------------------+
; Elapsed Time Per Partition    ;
+----------------+--------------+
; Partition Name ; Elapsed Time ;
+----------------+--------------+
; Top            ; 00:00:00     ;
+----------------+--------------+


+-------------------------------+
; Analysis & Synthesis Messages ;
+-------------------------------+
Info: *******************************************************************
Info: Running Quartus II 64-Bit Analysis & Synthesis
    Info: Version 13.0.1 Build 232 06/12/2013 Service Pack 1 SJ Web Edition
    Info: Processing started: Fri May 24 14:16:21 2024
Info: Command: quartus_map --read_settings_files=on --write_settings_files=off proyect2 -c proyect2
Warning (20028): Parallel compilation is not licensed and has been disabled
Info (12021): Found 2 design units, including 1 entities, in source file cont_4.vhd
    Info (12022): Found design unit 1: cont_4-arch
    Info (12023): Found entity 1: cont_4
Info (12021): Found 2 design units, including 1 entities, in source file deco_2_4.vhd
    Info (12022): Found design unit 1: deco_2_4-arch
    Info (12023): Found entity 1: deco_2_4
Info (12021): Found 2 design units, including 1 entities, in source file proyect2.vhd
    Info (12022): Found design unit 1: proyect2-arch
    Info (12023): Found entity 1: proyect2
Info (12021): Found 2 design units, including 1 entities, in source file mult_4.vhd
    Info (12022): Found design unit 1: mult_4-arch
    Info (12023): Found entity 1: mult_4
Info (12021): Found 2 design units, including 1 entities, in source file elimina_rebote.vhd
    Info (12022): Found design unit 1: elimina_rebote-rtl
    Info (12023): Found entity 1: elimina_rebote
Info (12021): Found 2 design units, including 1 entities, in source file bcd.vhd
    Info (12022): Found design unit 1: BCD-arch
    Info (12023): Found entity 1: BCD
Info (12021): Found 1 design units, including 1 entities, in source file block1.bdf
    Info (12023): Found entity 1: Block1
Info (12127): Elaborating entity "Block1" for the top level hierarchy
Info (12128): Elaborating entity "BCD" for hierarchy "BCD:inst"
Warning (10631): VHDL Process Statement warning at BCD.vhd(16): inferring latch(es) for signal or variable "num_int", which holds its previous value in one or more paths through the process
Info (10041): Inferred latch for "num_int[0]" at BCD.vhd(18)
Info (10041): Inferred latch for "num_int[1]" at BCD.vhd(18)
Info (10041): Inferred latch for "num_int[2]" at BCD.vhd(18)
Info (10041): Inferred latch for "num_int[3]" at BCD.vhd(18)
Info (12128): Elaborating entity "elimina_rebote" for hierarchy "elimina_rebote:inst3"
Info (12128): Elaborating entity "mult_4" for hierarchy "mult_4:inst4"
Info (12128): Elaborating entity "cont_4" for hierarchy "cont_4:inst1"
Info (12128): Elaborating entity "deco_2_4" for hierarchy "deco_2_4:inst2"
Warning (13024): Output pins are stuck at VCC or GND
    Warning (13410): Pin "Display[7]" is stuck at VCC
Info (16010): Generating hard_block partition "hard_block:auto_generated_inst"
    Info (16011): Adding 0 node(s), including 0 DDIO, 0 PLL, 0 transceiver and 0 LCELL
Info (21057): Implemented 154 device resources after synthesis - the final resource count might be different
    Info (21058): Implemented 6 input pins
    Info (21059): Implemented 12 output pins
    Info (21061): Implemented 136 logic cells
Info: Quartus II 64-Bit Analysis & Synthesis was successful. 0 errors, 4 warnings
    Info: Peak virtual memory: 484 megabytes
    Info: Processing ended: Fri May 24 14:16:22 2024
    Info: Elapsed time: 00:00:01
    Info: Total CPU time (on all processors): 00:00:02


